Phase 9.1 Dependency-Complete Runtime Proof
Python executable: /root/.pyenv/versions/3.10.19/bin/python3
Repo root: /workspace/walker-ai-team
Project root: /workspace/walker-ai-team/projects/polymarket/polyquantbot
Targets file: /workspace/walker-ai-team/projects/polymarket/polyquantbot/tests/runtime_proof_phase9_1_targets.txt

[1/5] create venv: /workspace/walker-ai-team/projects/polymarket/polyquantbot/.venv-phase9-1-runtime-proof


venv python: /workspace/walker-ai-team/projects/polymarket/polyquantbot/.venv-phase9-1-runtime-proof/bin/python
[2/5] install dependency-complete runtime/test stack
package entrypoint: python -m projects.polymarket.polyquantbot.scripts.run_phase9_1_runtime_proof
install attempt A (proxy/default env)
Requirement already satisfied: pip in ./projects/polymarket/polyquantbot/.venv-phase9-1-runtime-proof/lib/python3.10/site-packages (23.0.1)
WARNING: Retrying (Retry(total=4, connect=None, read=None, redirect=None, status=None)) after connection broken by 'ProxyError('Cannot connect to proxy.', OSError('Tunnel connection failed: 403 Forbidden'))': /simple/pip/
WARNING: Retrying (Retry(total=3, connect=None, read=None, redirect=None, status=None)) after connection broken by 'ProxyError('Cannot connect to proxy.', OSError('Tunnel connection failed: 403 Forbidden'))': /simple/pip/
WARNING: Retrying (Retry(total=2, connect=None, read=None, redirect=None, status=None)) after connection broken by 'ProxyError('Cannot connect to proxy.', OSError('Tunnel connection failed: 403 Forbidden'))': /simple/pip/
WARNING: Retrying (Retry(total=1, connect=None, read=None, redirect=None, status=None)) after connection broken by 'ProxyError('Cannot connect to proxy.', OSError('Tunnel connection failed: 403 Forbidden'))': /simple/pip/
WARNING: Retrying (Retry(total=0, connect=None, read=None, redirect=None, status=None)) after connection broken by 'ProxyError('Cannot connect to proxy.', OSError('Tunnel connection failed: 403 Forbidden'))': /simple/pip/
WARNING: Retrying (Retry(total=4, connect=None, read=None, redirect=None, status=None)) after connection broken by 'ProxyError('Cannot connect to proxy.', OSError('Tunnel connection failed: 403 Forbidden'))': /simple/pytest/
WARNING: Retrying (Retry(total=3, connect=None, read=None, redirect=None, status=None)) after connection broken by 'ProxyError('Cannot connect to proxy.', OSError('Tunnel connection failed: 403 Forbidden'))': /simple/pytest/
WARNING: Retrying (Retry(total=2, connect=None, read=None, redirect=None, status=None)) after connection broken by 'ProxyError('Cannot connect to proxy.', OSError('Tunnel connection failed: 403 Forbidden'))': /simple/pytest/
WARNING: Retrying (Retry(total=1, connect=None, read=None, redirect=None, status=None)) after connection broken by 'ProxyError('Cannot connect to proxy.', OSError('Tunnel connection failed: 403 Forbidden'))': /simple/pytest/
WARNING: Retrying (Retry(total=0, connect=None, read=None, redirect=None, status=None)) after connection broken by 'ProxyError('Cannot connect to proxy.', OSError('Tunnel connection failed: 403 Forbidden'))': /simple/pytest/
ERROR: Could not find a version that satisfies the requirement pytest (from versions: none)
ERROR: No matching distribution found for pytest
install attempt B (direct/no-proxy env)
Requirement already satisfied: pip in ./projects/polymarket/polyquantbot/.venv-phase9-1-runtime-proof/lib/python3.10/site-packages (23.0.1)
WARNING: Retrying (Retry(total=4, connect=None, read=None, redirect=None, status=None)) after connection broken by 'NewConnectionError('<pip._vendor.urllib3.connection.HTTPSConnection object at 0x7f3036556ce0>: Failed to establish a new connection: [Errno 101] Network is unreachable')': /simple/pip/
WARNING: Retrying (Retry(total=3, connect=None, read=None, redirect=None, status=None)) after connection broken by 'NewConnectionError('<pip._vendor.urllib3.connection.HTTPSConnection object at 0x7f3036557010>: Failed to establish a new connection: [Errno 101] Network is unreachable')': /simple/pip/
WARNING: Retrying (Retry(total=2, connect=None, read=None, redirect=None, status=None)) after connection broken by 'NewConnectionError('<pip._vendor.urllib3.connection.HTTPSConnection object at 0x7f3036557370>: Failed to establish a new connection: [Errno 101] Network is unreachable')': /simple/pip/
WARNING: Retrying (Retry(total=1, connect=None, read=None, redirect=None, status=None)) after connection broken by 'NewConnectionError('<pip._vendor.urllib3.connection.HTTPSConnection object at 0x7f3036557520>: Failed to establish a new connection: [Errno 101] Network is unreachable')': /simple/pip/
WARNING: Retrying (Retry(total=0, connect=None, read=None, redirect=None, status=None)) after connection broken by 'NewConnectionError('<pip._vendor.urllib3.connection.HTTPSConnection object at 0x7f30365576d0>: Failed to establish a new connection: [Errno 101] Network is unreachable')': /simple/pip/
WARNING: Retrying (Retry(total=4, connect=None, read=None, redirect=None, status=None)) after connection broken by 'NewConnectionError('<pip._vendor.urllib3.connection.HTTPSConnection object at 0x7f30365e1270>: Failed to establish a new connection: [Errno 101] Network is unreachable')': /simple/pytest/
WARNING: Retrying (Retry(total=3, connect=None, read=None, redirect=None, status=None)) after connection broken by 'NewConnectionError('<pip._vendor.urllib3.connection.HTTPSConnection object at 0x7f30365e1720>: Failed to establish a new connection: [Errno 101] Network is unreachable')': /simple/pytest/
WARNING: Retrying (Retry(total=2, connect=None, read=None, redirect=None, status=None)) after connection broken by 'NewConnectionError('<pip._vendor.urllib3.connection.HTTPSConnection object at 0x7f30365e18d0>: Failed to establish a new connection: [Errno 101] Network is unreachable')': /simple/pytest/
WARNING: Retrying (Retry(total=1, connect=None, read=None, redirect=None, status=None)) after connection broken by 'NewConnectionError('<pip._vendor.urllib3.connection.HTTPSConnection object at 0x7f30365e1a80>: Failed to establish a new connection: [Errno 101] Network is unreachable')': /simple/pytest/
WARNING: Retrying (Retry(total=0, connect=None, read=None, redirect=None, status=None)) after connection broken by 'NewConnectionError('<pip._vendor.urllib3.connection.HTTPSConnection object at 0x7f30365e1c30>: Failed to establish a new connection: [Errno 101] Network is unreachable')': /simple/pytest/
ERROR: Could not find a version that satisfies the requirement pytest (from versions: none)
ERROR: No matching distribution found for pytest
FAIL: dependency install exit=1
